[    0.000000] Linux version 4.15.0-64-generic (buildd@lgw01-amd64-038) (gcc version 7.4.0 (Ubuntu 7.4.0-1ubuntu1~18.04.1)) #7-Ubuntu SMP Thu Sep 12 13:16:13 UTC 2019 (Ubuntu 4.15.0-64.73-generic 4.15.18)
[    0.0000] Command line: BOOT_IMAGE=/boot/vmlinuz-4.15.0-64-generic root=UUID=2b6dbcc6-42e2-4970-b42b-aa001d6700d5 ro console=tty1 console=ttyS0
[    0.0000000] KERNEL supported cpus:
[    0.000000]   Intel GenuineIntel
[    0.000000]   AMD AuthenticAMD
[    0.000000]   Centaur CentaurHauls
[    0.000000] x86/fpu: Supporting XSAVE feature 0x001: 'x87 floating point registers'
[    0.000000] x86/fpu: Supporting XSAVE feature 0x002: 'SSE registers'
[    0.000000] x86/fpu: Supporting XSAVE feature 0x004: 'AVX registers'
[    0.000000] x86/fpu: xstate_offset[2]:  576, xstate_sizes[2]:  256
[    0.000000] x86/fpu: Enabled xstate features 0x7, context size is 832 bytes, using 'standard' format.
[    0.000000] e820: BIOS-provided physical RAM map:
[    0.000000] BIOS-e820: [mem 0x0000000000000000-0x000000000009fbff] usable
[    0.000000] BIOS-e820: [mem 0x000000000009fc00-0x000000000009ffff] reserved
[    0.000000] BIOS-e820: [mem 0x00000000000f0000-0x00000000000fffff] reserved
[    0.000000] BIOS-e820: [mem 0x0000000000100000-0x000000003ffeffff] usable
[    0.000000] BIOS-e820: [mem 0x000000003fff0000-0x000000003fffffff] ACPI data
[    0.000000] BIOS-e820: [mem 0x00000000fec00000-0x00000000fec00fff] reserved
[    0.000000] BIOS-e820: [mem 0x00000000fee00000-0x00000000fee00fff] reserved
[    0.000000] BIOS-e820: [mem 0x00000000fffc0000-0x00000000ffffffff] reserved
[    0.000000] NX (Execute Disable) protection: active
[    0.000000] SMBIOS 2.5 present.
[    0.000000] DMI: innotek GmbH VirtualBox/VirtualBox, BIOS VirtualBox 12/01/2006
[    0.000000] Hypervisor detected: KVM
[    0.000000] e820: last_pfn = 0x3fff0 max_arch_pfn = 0x400000000
[    0.000000] MTRR: Disabled
[    0.000000] x86/PAT: MTRRs disabled, skipping PAT initialization too.
[    0.000000] CPU MTRRs all blank - virtualized system.
[    0.000000] x86/PAT: Configuration [0-7]: WB  WT  UC- UC  WB  WT  UC- UC  
[    0.000000] found SMP MP-table at [mem 0x0009fff0-0x0009ffff]
[    0.000000] Scanning 1 areas for low memory corruption
[    0.000000] RAMDISK: [mem 0x35983000-0x36cb8fff]
[    0.000000] ACPI: Early table checksum verification disabled
[    0.000000] ACPI: RSDP 0x00000000000E0000 000024 (v02 VBOX  )
[    0.000000] ACPI: XSDT 0x000000003FFF0030 00003C (v01 VBOX   VBOXXSDT 00000001 ASL  00000061)
[    0.000000] ACPI: FACP 0x000000003FFF00F0 0000F4 (v04 VBOX   VBOXFACP 00000001 ASL  00000061)
[    0.000000] ACPI: DSDT 0x000000003FFF0470 0021FF (v02 VBOX   VBOXBIOS 00000002 INTL 20100528)
[    0.000000] ACPI: FACS 0x000000003FFF0200 000040
[    0.000000] ACPI: FACS 0x000000003FFF0200 000040
[    0.000000] ACPI: APIC 0x000000003FFF0240 00005C (v02 VBOX   VBOXAPIC 00000001 ASL  00000061)
[    0.000000] ACPI: SSDT 0x000000003FFF02A0 0001CC (v01 VBOX   VBOXCPUT 00000002 INTL 20100528)
[    0.000000] No NUMA configuration found
[    0.000000] Faking a node at [mem 0x0000000000000000-0x000000003ffeffff]
[    0.000000] NODE_DATA(0) allocated [mem 0x3ffc5000-0x3ffeffff]
[    0.000000] kvm-clock: cpu 0, msr 0:3ff44001, primary cpu clock
[    0.000000] kvm-clock: Using msrs 4b564d01 and 4b564d00
[    0.000000] kvm-clock: using sched offset of 7416522978 cycles
[    0.000000] clocksource: kvm-clock: mask: 0xffffffffffffffff max_cycles: 0x1cd42e4dffb, max_idle_ns: 881590591483 ns
[    0.000000] Zone ranges:
[    0.000000]   DMA      [mem 0x0000000000001000-0x0000000000ffffff]
[    0.000000]   DMA32    [mem 0x0000000001000000-0x000000003ffeffff]
[    0.000000]   Normal   empty
[    0.000000]   Device   empty
[    0.000000] Movable zone start for each node
[    0.000000] Early memory node ranges
[    0.000000]   node   0: [mem 0x0000000000001000-0x00000000000efff]
[    0.000000]   node   0: [mem 0x0000000000100000-0x000000003ffeffff]
[    0.000000] Reserved but unavailable: 98 pages
[    0.000000] Initmem setup node 0 [mem 0x0000000000001000-0x000000003ffeffff]
[    0.000000] ACPI: PM-Timer IO Port: 0x4008
[    0.000000] IOAPIC[0]: apic_id 2, version 32, address 0xfec00000, GSI 0-23
[    0.000000] ACPI: INT_SRC_OVR (bus 0 bus_irq 0 global_irq 2 dfl dfl)
[    0.000000] ACPI: INT_SRC_OVR (bus 0 bus_irq 9 global_irq 9 low level)
[    0.000000] Using ACPI (MADT) for SMP configuration information
[    0.000000] smpboot: Allowing 2 CPUs, 0 hotplug CPUs
[    0.000000] PM: Registered nosave memory: [mem 0x00000000-0x00000fff]
[    0.000000] PM: Registered nosave memory: [mem 0x0009f000-0x0009ffff]
[    0.000000] PM: Registered nosave memory: [mem 0x000a0000-0x000effff]
[    0.000000] PM: Registered nosave memory: [mem 0x000f0000-0x000fffff]
[    0.000000] e0: [mem 0x40000000-0xfebfffff] available for PCI devices
[    0.000000] Booting paravirtualized kernel on KVM
[    0.000000] clocksource: refined-jiffies: mask: 0xffffffff max_cycles: 0xfffffffff, max_idle_ns: 7645519600211568 ns
[    0.000000] random: get_random_bytes called from start_kernel+0x99/0x4fd withcrng_init=0
[    0.000000] setup_percpu: NR_CPUS:8192 nr_cpumask_bits:2 nr_cpu_ids:2 nr_node_ids:1
[    0.000000] percpu: Embedded 46 pages/cpu s151552 r8192 d28672 u1048576
[    0.000000] PV qspinlock hash table entries: 256 (order: 0, 4096 bytes)
[    0.000000] Built 1 zonelists, mobility grouping on.  Total pages: 257913
[    0.000000] Policy zone: DMA32
[    0.000000] Kernel command line: BOOT_IMAGE=/boot/vmlinuz-4.15.0-64-generic root=UUID=2b6dbcc6-42e2-4970-b42b-aa0016700d5 ro console=tty1 console=ttyS0
[    0.000000] Memory: 982912K/1048120K available (12300K kernel coe, 2481K rwdata, 4172K rodata, 2436K init, 2384K bss, 65208K reserved, 0K cma-reserved)
[    0.000000] SLUB: HWalign=64, Order=0-3, MinObjects=0, CPUs=2, Nodes=1
[    0.000000] Kernel/User page tables isolation: enabled
[    0.000000] ftrace: allocating 39306 entries in 154 pages
[    0.004000] Hierarchical RCU implementation.
[    0.004000] 	RCU restricting CPUs from NR_CPUS=8192 to nr_cpu_ids=2.
[    0.004000] 	Tasks RCU enabled.
[    0.004000] RCU: Adjusting geometry for rcu_fanout_leaf=16, nr_cpu_ids=2
[    0.004000] NR_IRQS: 524544, nr_irqs: 440, preallocated irqs: 16
[    0.004000] Consoe: colour VGA+ 80x25
[    0.004000] console [tty1] enabled
[    0.004000] console [ttyS0] enabled
[    0.004000] ACPI: Core revision 20170831
[    0.004000] ACPI: 2 ACPI AML tables successfully acquired and loaded
[    0.004000] APIC: Switch to symmetric I/O mode setup
[    0.004000] x2apic enabled
[    0.004000] Switched APIC routing to physical x2apic.
[    0.004000] ..TIMER: vector=0x30 apic1=0 pin1=2 apic2=-1 pin2=-1
[    0.004004] tsc: Detected 2304.000 MHz processor
[    0.005144] Calibrating delay loop (skipped) preset value.. 4608.00 BogoMIPS (lpj=9216000)
[    0.008006] pid_max: default: 32768 minimum: 301
[    0.012044] Security Framework initialized
[    0.013349] Yama: becoming mindful.
[    0.014552] AppArmor: AppArmor initialized
[    0.017414] Dentry cache hash table entries: 131072 (order: 8, 1048576 bytes)
[    0.020072] Inode-cache hash table entries: 65536 (order: 7, 524288 bytes)
[    0.024023] Mount-cache hash table entries: 2048 (order: 2, 16384 bytes)
[    0.026018] Mountpoint-cache hash table entries: 2048 (order: 2, 16384 bytes)
[    0.028281] Last level iTLB entries: 4KB 64, 2MB 8, 4MB 8
[    0.029928] Last level dTLB entries: 4KB 64, 2MB 0, 4MB 0, 1GB 4
[    0.031779] Spectre V1 : Mitigation: usercopy/swapgs barriers and __user pointer sanitization
[    0.032006] Spectre V2 : Mitigation: Full generic retpoline
[    0.036002] Spectre V2 : Spectre v2 / SpectreRSB mitigation: Filling RSB on context switch
[    0.040005] Speculative Store Bypass: Vulnerable
[    0.041313] MDS: Vulnerable: Clear CPU buffers attempted, no microcode
[    0.044171] Freeing SMP alternatives memory: 36K
[    0.052000] smpboot: CPU0: Intel(R) Core(TM) i5-7360U CPU @ 2.30GHz (family: 0x6, model: 0x8e, stepping: 0x9)
[    0.052000] Performance Events: unsupported p6 CPU model 142 no PMU driver, software events only.
[    0.052046] Hierarchical SRCU implementation.
[    0.053799] NMI watchdog: Perf event create on CPU 0 failed with -2
[    0.056003] NMI watchdog: Perf NMI watchdog permanently disabled
[    0.057705] smp: Bringing up secondary CPUs ...
[    0.060083] x86: Booting SMP configuration:
[    0.061268] .... node  #0, CPUs:      #1
[    0.004000] kvm-clock: cpu 1, msr 0:3ff44041, secondary cpu clock
[    0.066872] smp: Brought up 1 node, 2 CPUs
[    0.068006] smpboot: Max logical packages: 1
[    0.069209] smpboot: Total of 2 processors activated (9216.00 BogoMIPS)
[    0.072130] devtmpfs: initialized
[    0.072840] x86/mm: Memory block size: 128MB
[    0.073929] evm: security.selinux
[    0.074739] evm: security.SMACK64
[    0.075484] evm: security.SMACK64EXEC
[    0.076004] evm: security.SMACK64TRANSMUTE
[    0.077428] evm: security.SMACK64MMAP
[    0.080005] evm: security.apparmor
[    0.080772] evm: security.ima
[    0.081451] evm: security.capability
[    0.082477] clocksource: jiffies: mask: 0xffffffff max_cycles: 0xffffffff, max_idle_ns: 7645041785100000 ns
[    0.084023] futex hash table entries: 512 (order: 3, 32768 bytes)
[    0.089318] pinctrl core: initialized pinctrl subsystem
[    0.090930] RTC time: 10:50:09, date: 10/01/19
[    0.092191] NET: Registered protocol family 16
[    0.093505] audit: initializing netlink subsys (disabled)
[    0.095081] audit: type=2000 audit(1569927017.694:1): state=initialized audit_enabled=0 res=1
[    0.096014] cpuidle: using governor ladder
[    0.097261] cpuidle: using governor menu
[    0.100043] ACPI: bus type PCI registered
[    0.101186] acpiphp: ACPI Hot Plug PCI Controller Driver version: 0.5
[    0.103099] PCI: Using configuration type 1 for base access
[    0.104798] HugeTLB registered 2.00 MiB page size, pre-allocated 0 pages
[    0.108106] ACPI: Added _OSI(Module Device)
[    0.109297] ACPI: Added _OSI(Processor Device)
[    0.110573] ACPI: Added _OSI(3.0 _SCP Extensions)
[    0.112005] ACPI: Added _OSI(Processor Aggregator Device)
[    0.113491] ACPI: Added _OSI(Linux-Dell-Video)
[    0.114864] ACPI: Added _OSI(Linux-Lenovo-NV-HDMI-Audio)
[    0.116004] ACPI: Added _OSI(Linux-HPI-Hybrid-Graphics)
[    0.117519] ACPI: Executed 1 blocks of module-level executable AML code
[    0.122776] ACPI: Interpreter enabled
[    0.123804] ACPI: (supports S0 S5)
[    0.124004] ACPI: Using IOAPIC for interrupt routing
[    0.125311] PCI: Using host bridge windows from ACPI; if necessary, use "pci=nocrs" and report a bug
[    0.127546] ACPI: Enabled 2 GPEs in block 00 to 07
[    0.134795] ACPI: PCI Root Bridge [PCI0] (domain 0000 [bus 00-ff])
[    0.136012] acpi PNP0A03:00: _OSC: OS supports [ASPM ClockPM Segments MSI]
[    0.137897] acpi PNP0A03:00: _OSC: not requesting OS control; OS requires [ExtendedConfig ASPM ClockPM MSI]
[    0.140016] acpi PNP0A03:00: fail to add MMCONFIG information, can't access extended PCI configuration space under this bridge.
[    0.144431] PCI host bridge to bus 0000:00
[    0.145609] pci_bus 0000:00: root bus resource [io  0x0000-0x0cf7 window]
[    0.147516] pci_bus 0000:00: root bus resource [io  0x0d00-0xffff window]
[    0.148004] pci_bus 0000:00: root bus resource [mem 0x000a0000-0x000bffff window]
[    0.150126] pci_bus 0000:00: root bus resource [mem 0x40000000-0xfdffffff window]
[    0.152006] pci_bus 0000:00: root bus resource [bus 00-ff]
[    0.158040] pci 0000:00:01.1: legacy IDE quirk: reg 0x10: [io  0x01f0-0x01f7]
[    0.160006] pci 0000:00:01.1: legacy IDE quirk: reg 0x14: [io  0x03f6]
[    0.164007] pci 0000:00:01.1: legacy IDE quirk: reg 0x18: [io  0x0170-0x0177]
[    0.168006] pci 0000:00:01.1: legacy IDE quirk: reg 0x1c: [io  0x0376]
[    0.186268] pci 0000:00:07.0: quirk: [io  0x4000-0x403f] claimed by PIIX4 ACPI
[    0.187988] pci 0000:00:07.0: quirk: [io  0x4100-0x410f] claimed by PIIX4 SMB
[    0.199532] ACPI: PCI Interrupt Link [LNKA] (IRQs 5 9 10 *11)
[    0.200312] ACPI: PCI Interrupt Link [LNKB] (IRQs 5 9 *10 11)
[    0.202014] ACPI: PCI Interrupt Link [LNKC] (IRQs 5 *9 10 11)
[    0.204149] ACPI: PCI Interrupt Link [LNKD] (IRQs 5 9 10 *11)
[    0.206112] SCSI subsystem initialized
[    0.207295] pci 0000:00:02.0: vgaarb: setting as boot VGA device
[    0.208000] pci 0000:00:02.0: vgaarb: VGA device added: decodes=io+mem,owns=io+mem,locks=none
[    0.208012] pci 0000:00:02.0: vgaarb: bridge control possible
[    0.212011] vgaarb: loaded
[    0.212835] ACPI: bus type USB registered
[    0.214070] usbcore: registered new interface driver usbfs
[    0.215651] usbcore: registered new interface driver hub
[    0.216023] usbcore: registered new device driver usb
[    0.217475] EDAC MC: Ver: 3.0.0
[    0.220082] PCI: Using ACPI for IRQ routing
[    0.221551] NetLabel: Initializing
[    0.222531] NetLabel:  domain hash size = 128
[    0.223764] NetLabel:  protocols = UNLABELED CIPSOv4 CALIPSO
[    0.224019] NetLabel:  unlabeled traffic allowed by default
[    0.225578] clocksource: Switched to clocksource kvm-clock
[    0.236576] VFS: Disk quotas dquot_6.6.0
[    0.243204] VFS: Dquot-cache hash table entries: 512 (order 0, 4096 bytes)
[    0.245154] AppArmor: AppArmor Filesystem Enabled
[    0.246483] pnp: PnP ACPI init
[  0484]np: PnP ACPI: fou 3 devices

[    0.478095] clocksource: acpi_p mas 0fff max_cycles: 0xffffff, max_idle_ns: 2085701024 ns
[    0.652939] NET: Registered protocol family 2

[    0.656155] TCP established hash table entries: 8192 (order: 4, 65536 bytes)
[    0.658374] TCP bind hash table entries: 8192 (order: 5, 131072 bytes)
[    0.660324] TCP: Hash tables configured (established 8192 bind 8192)
[    0.661680] UDP hash table entries: 512 (order: 2, 16384 bytes)
[    0.663428] UDP-Lite hash table enties: 512 (order: 2, 16384 bytes)
[    6823] NET: Registered protocol family 1
[    0.780308] pci 0000:00:00.0: Limiting direct PCI/PCI transfers
[    0.782081] pci 000:00:01.0: Activating ISA DMA hang workarounds
[    0.815776] pci 0000:00:02.0: Video device with shadowed ROM at [mem 0x000c0000-0x000dffff]
[    0.817862] Unpacking initramfs...
[  1958]rengnid mo: 67
  1.64050] clocksource: tsc: mask: 0xffffffffffffffff max_cycles: 0x2135f7c97c8, max_idle_ns: 440795273205 ns
[    1.668039] platfor r_cs:registered platform RTC device (no PNP device found)
[    1.814527] Scanning for low memory corruption every 60 seconds
[    1.816833] Initialise system trusted keyrings
[    1.872708] Key type blacklist registered
[    1.913101] workingset: timestamp_bits=36 max_order=18 bucket_order=0
[    1.915226] zbud: loaded
[    1.916512] squashfs: version 4.0 (2009/01/31) Phillip Lougher
[    1.918401] fuse init (API version 7.26)
[    1.930286] Key type asymmetric registered
[    1.931259] Asymmetric key parser 'x509' registered
[    1.932382] Block layer SCSI generic (bsg) driver version 0.4 loaded (major 246)
[    1.934150] io scheduler noop registered
[    1.935001] io scheduler deadline registered
[    1.935937] io scheduler cfq registered (default)
[    1.937640] ACPI: AC Adapter [AC] (off-line)
[    1.938669] input: Power Button as /devices/LNXSYSTM:00/LNXPWRBN:00/input/input0
[    1.940553] ACPI: Power Button [PWRF]
[    1.941546] input: Sleep Button as /devices/LNXSYSTM:00/LNXSLPBN:00/input/input1
[    1.951394] ACPI: Sleep Button [SLPF]
[    1.954886] Serial: 8250/16550 driver, 32 ports, IRQ sharing enabled
[    1.957566] ACPI: Battery Slot [BAT0] (battery present)
[    1.990788] 00:02: ttyS0 at I/O 0x3f8 (irq = 4, base_baud = 115200) is a 16550A
[    2.001252] Linux agpgart interface v0.103
[    2.021445] loop: module loaded
[    2.028747] scsi host0: ata_piix
[    2.029863] scsi host1: ata_piix
[    2.030692] ata1: PATA max UDMA/33 cmd 0x1f0 ctl 0x3f6 bmdma 0xd000 irq 14
[    2.032506] ata2: PATA max UDMA/33 cmd 0x170 ctl 0x376 bmdma 0xd008 irq 15
[    2.035162] libphy: Fixed MDIO Bus: probed
[    2.037955] tun: Universal TUN/TAP device driver, 1.6
[    2.040908] PPP generic driver version 2.4.2
[    2.048339] ehci_hcd: USB 2.0 'Enhanced' Host Controller (EHCI) Driver
[    2.050500] ehci-pci: EHCI PCI platform driver
[    2.051593] ehci-platform: EHCI generic platform driver
[    2.052906] ohci_hcd: USB 1.1 'Open' Host Controller (OHCI) Driver
[    2.060068] ohci-pci: OHCI PCI platform driver
[    2.061039] ohci-platform: OHCI generic platform driver
[    2.062121] uhci_hcd: USB Universal Host Controller Interface driver
[    2.064900] i8042: PNP: PS/2 Controller [PNP0303:PS2K,PNP0f03:PS2M] at 0x60,0x64 irq 1,12
[    2.067330] serio: i8042 KBD port at 0x60,0x64 irq 1
[    2.069180] serio: i8042 AUX port at 0x60,0x64 irq 12
[    2.070582] mousedev: PS/2 mouse device common for all mice
[    2.084199] rtc_cmos rtc_cmos: rtc core: registered rtc_cmos as rtc0
[    2.093956] rtc_cmos rtc_cmos: alarms up to one day, 114 bytes nvram
[    2.101044] input: AT Translated Set 2 keyboard as /devices/platform/i8042/serio0/input/input2
[    2.102988] i2c /dev entries driver
[    2.109820] dece-apper: uevent: version 1.0.3
[    2.196373] device-mapper: ioctl: 4.37.0-ioctl (2017-09-20) initialised: dm-devel@redhat.com
[    2.204207] ledtrig-cpu: registered to indicate activity on CPUs
[    2.218333] NET: Registered protocol family 10
[    2.224650] Segment Routing with IPv6
[    2.225755] NET: Registered protocol family 17
[    2.227130] Key type dns_resolver registered
[    2.228759] mce: Using 0 MCE banks
[    2.229759] RAS: Correctable Errors collector initialized.
[    2.231296] sched_clock: Marking stable (2228737429, 0)->(2989786496, -761049067)
[    2.234317] registered taskstats version 1
[    2.244953] Loading compiled-in X.509 certificates
[    2.248644] Loaded X.509 cert 'Build time autogenerated kernel key: 9ff85db0b1f72c0c954e4d2eaca5a9366845820b'
[    2.251390] zswap: loaded using pool lzo/zbud
[    2.256286] Key type big_key registered
[    2.257418] Key type trusted registered
[    2.261257] Key type encrypted registered
[    2.262261] AppArmor: AppArmor sha1 policy hashing enabled
[    2.263467] ima: No TPM chip found, activating TPM-bypass! (rc=-19)
[    2.264894] ima: Allocated hash algorithm: sha1
[    2.265935] evm: HMAC attrs: 0x1
[    2.266993]   Magic number: 7:944:829
[    2.267900]   hash matches /build/linux-f9CT_y/linux-4.15.0/drivers/base/power/main.c:757
[    2.269878] rtc_cmos rtc_cmos: setting system clock to 2019-10-01 10:50:11 UTC (1569927011)
[    2.271937] BIOS EDD facility v0.16 2004-Jun-25, 0 devices found
[    2.273360] EDD information not available.
[    2.276725] Freeing unused kernel image memory: 2436K
[    2.300409] Write protecting the kernel read-only data: 20480k
[    2.302859] Freeing unused kernel image memory: 2008K
[    2.333843] Freeing unused kernel image memory: 1972K
[    2.343216] x86/mm: Checked W+X mappings: passed, no W+X pages found.
[    2.358284] x86/mm: Checking user space page tables
[    2.369165] x86/mm: Checked W+X mappings: passed, no W+X pages found.
Loading, please wait...
starting version 237
[    2.489706] e1000: Intel(R) PRO/1000 Network Driver - version 7.3.21-k8-NAPI
[    2.493202] e1000: Copyright (c) 1999-2006 Intel Corporation.
[    2.496787] Fusion MPT base driver 3.04.20
[    2.498000] Copyright (c) 1999-2008 LSI Corporation
[    2.517640] AVX2 version of gcm_enc/dec engaged.
[    2.519010] Fusion MPT SPI Host driver 3.04.20
[    2.528937] AES CTR mode by8 optimization enabled
[    2.709224] input: ImExPS/2 Generic Explorer Mouse as /devices/platform/i8042/serio1/input/input4
[    2.929720] e1000 0000:00:03.0 eth0: (PCI:33MHz:32-bit) 02:8d:8f:70:9f:84
[    3.023829] e1000 0000:00:03.0 eth0: Intel(R) PRO/1000 Network Connection
[    3.026335] mptbase: ioc0: Initiating bringup
[    3.129139] ioc0: LSI53C1030 A0: Capabilities={Initiator}
[    3.471891] scsi host2: ioc0: LSI53C1030 A0, FwRev=00000000h, Ports=1, MaxQ=256, IRQ=20
[    3.728806] scsi 2:0:0:0: Direct-Access     VBOX     HARDDISK         1.0  PQ: 0 ANSI: 5
[    3.792309] scsi target2:0:0: Beginning Domain Validation
[    3.977622] scsi target2:0:0: Domain Validation skipping write tests
[    3.979117] scsi target2:0:0: Ending Domain Validation
[    3.980310] scsi target2:0:0: asynchronous
[    3.981798] scsi 2:0:1:0: Direct-Access     VBOX     HARDDISK         1.0  PQ: 0 ANSI: 5
[    4.296123] scsi target2:0:1: Beginning Domain Validation
[    4.298441] random: fast init done
[    4.299914] scsi target2:0:1: Domain Validation skipping write tests
[    4.301730] scsi target2:0:1: Ending Domain Validation
[    4.303226] scsi target2:0:1: asynchronous
[    4.307836] random: systemd-udevd: uninitialized urandom read (16 bytes read)
[    4.351931] random: systemd-udevd: uninitialized urandom read (16 bytes read)
[    4.354285] random: systemd-udevd: uninitialized urandom read (16 bytes read)
[    4.356596] sd 2:0:0:0: Attached scsi generic sg0 type 0
[    4.391716] sd 2:0:0:0: [sda] 20971520 512-byte logical blocks: (10.7 GB/10.0 GiB)
[    4.393878] e1000 0000:00:08.0 eth1: (PCI:33MHz:32-bit) 08:00:27:90:bf:36
[    4.396086] sd 2:0:0:0: [sda] Write Protect is off
[    4.397726] e1000 0000:00:08.0 eth1: Intel(R) PRO/1000 Network Connection
[    4.411536] sd 2:0:1:0: Attached scsi generic sg1 type 0
[    4.412639] e1000 0000:00:03.0 enp0s3: renamed from eth0
[    4.413402] sd 2:0:1:0: [sdb] 20480 512-byte logical blocks: (10.5 MB/10.0 MiB)
[    4.417551] sd 2:0:0:0: [sda] Incomplete mode parameter data
[    4.419699] sd 2:0:0:0: [sda] Assuming drive cache: write through
[    4.422326] sd 2:0:1:0: [sdb] Write Protect is off
[    4.424212] sd 2:0:1:0: [sdb] Incomplete mode parameter data
[    4.425989] sd 2:0:1:0: [sdb] Assuming drive cache: write through
[    4.430290]  sda: sda1
[    4.432908] sd 2:0:0:0: [sda] Attached SCSI disk
[    4.434380] e1000 0000:00:08.0 enp0s8: renamed from eth1
[    4.441845] sd 2:0:1:0: [sdb] Attached SCSI disk
Begin: Loading essential drivers ... [    5.848575] raid6: sse2x1   gen() 12431 MB/s
[    6.020336] raid6: sse2x1   xor()  9051 MB/s
[    6.100094] raid6: sse2x2   gen() 15305 MB/s
[    6.216323] raid6: sse2x2   xor() 10177 MB/s
[    6.348077] raid6: sse2x4   gen() 15632 MB/s
[    6.396146] raid6: sse2x4   xor()  5073 MB/s
[    6.444079] raid6: avx2x1   gen() 20421 MB/s
[    6.492076] raid6: avx2x1   xor() 16114 MB/s
[    6.540364] raid6: avx2x2   gen() 29107 MB/s
[    6.588331] raid6: avx2x2   xor() 15397 MB/s
[    6.638081] raid6: avx2x4   gen() 35792 MB/s
[    6.716522] raid6: avx2x4   xor() 19451 MB/s
[    6.729858] raid6: using algorithm avx2x4 gen() 35792 MB/s
[    6.740064] raid6: .... xor() 19451 MB/s, rmw enabled
[    6.741465] raid6: using avx2x2 recovery algorithm
[    6.743903] xor: automatically using best checksumming function   avx       
[    6.752870] async_tx: api initialized (async)
done.
Begin: Running /scripts/init-premount ... done.
Begin: Mounting root file system ... Begin: Running /scripts/local-top ... done.
Begin: Running /scripts/local-premount ... [    6.795094] Btrfs loaded, crc32c=crc32c-intel
Scanning for Btrfs filesystems
done.
Warning: fsck not present, so sk[    6.849230] EXT4-fs (sda1): INFO: recovery required on readonly filesystem
ipping root file system
[    6.864749] EXT4-fs (sda1): write access will be enabled during recovery
[    7.045948] EXT4-fs (sda1): recovery complete
[    7.047521] EXT4-fs (sda1): mounted filesystem with ordered data mode. Opts: (null)
done.
Begin: Running /scripts/local-bottom ... done.
Begin: Running /scripts/init-bottom ... done.
[    7.551881] ip_tables: (C) 2000-2006 Netfilter Core Team
[    7.786854] systemd[1]: systemd 237 running in system mode. (+PAM +AUDIT +SELINUX +IMA +APPARMOR +SMACK +SYSVINIT +UTMP +LIBCRYPTSETUP +GCRYPT +GNUTLS +ACL +XZ +LZ4 +SECCOMP +BLKID +ELFUTILS +KMOD -IDN2 +IDN -PCRE2 default-hierarchy=hybrid)
[    8.066767] systemd[1]: Detected virtualization oracle.
[    8.068273] systemd[1]: Detected architecture x86-64.

Welcome to [1mUbuntu 18.04.2 LTS[0m!

[    8.109573] systemd[1]: Set hostname to <ubuntu-bionic>.
[    9.103789] systemd[1]: Reached target System Time Synchronized.
[[0;32m  OK  [0m] Reached target System Time Synchronized.
[    9.106411] systemd[1]: Reached target Swap.
[[0;32m  OK  [0m] Reached target Swap.
[    9.108164] systemd[1]: Started Forward Password Requests to Wall Directory Watch.
[[0;32m  OK  [0m] Started Forward Password Requests to Wall Directory Watch.
[    9.111043] systemd[1]: Reached target User and Group Name Lookups.
[[0;32m  OK  [0m] Reached target User and Group Name Lookups.
[    9.113555] systemd[1]: Set up automount Arbitrary Executable File Formats File System Automount Point.
[[0;32m  OK  [0m] Set up automount Arbitrary Executab…rmats File System Automount Point.
[    9.119212] systemd[1]: Created slice User and Session Slice.
[[0;32m  OK  [0m] Created slice User and Session Slice.
[[0;32m  OK  [0m] Created slice System Slice.
[[0;32m  OK  [0m] Listening on Journal Socket.
         Starting Uncomplicated firewall...
         Mounting Huge Pages File System...
[[0;32m  OK  [0m] Listening on /dev/initctl Compatibility Named Pipe.
[[0;32m  OK  [0m] Listening on Syslog Socket.
         Startin[    9.873123] random: crng init done
g Create list of required st…ce nodes for the current kernel...
[    9.886020] random: 7 urandom warning(s) missed due to ratelimiting
         Starting Remount Root a[    9.899800] EXT4-fs (sda1): re-mounted. Opts: (null)
nd Kernel File Systems...
[[0;32m  OK  [0m] Listening on Journal Socket (/dev/log).
[[0;32m  OK  [0m] Listening on Journal Audit Socket.
         Starting Journal Service...
[[0;32m  OK  [0m] Created slice system-serial\x2dgetty.slice.
[[0;32m  OK  [0m] Listening on udev Kernel Socket.
[[0;32m  OK  [0m] Listening on udev Control Socket.
         Starting udev Coldplug all Devices...
[[0;32m  OK  [0m] Listening on Device-mapper event daemon FIFOs.
[[0;32m  OK  [0m] Listening on LVM2 poll daemon socket.
         Mounting POSIX Message Queue File System...
         Mounting Kernel Debug File System...
[[0;32m  OK  [0m] Reached target Slices.
[[0;32m  OK  [0m] Listening on Network Service Netlink Socket.
         Starting Load Kernel Modules...
[   10.108464] Loading iSCSI transport class v2.0-870.
         Starting Set the console keyboard layout...
[[0;32m  OK  [0m] Listening on LVM2 metadata daemon socket.
         Starting Monitoring of LVM2 mirrors…ng dmeventd or progress polling...[   10.126518] iscsi: registered transport (tcp)

[[0;32m  OK  [0m] Started Journal Service.
[[0;32m  OK  [0m] Started Uncomplicated firewall.
[[0;32m  OK  [0m] Mounted Huge Pages File System.
[[0;32m  OK  [0m] Started Create list of required sta…vice nodes for the current kernel.
[[0;32m  OK  [0m] Started Remount Root and Kernel File Systems.
[[0;32m  OK  [0m] Mounted POSIX Message Queue File System.
[[0;32m  OK  [0m] Mounted Kernel Debug File System.
[   10.921822] iscsi: registered transport (iser)
         Starting Load/Save Random Seed...
         Starting Create Static Device Nodes in /dev...
         Starting Flush Journal to Persistent Storage...
[[0;32m  OK  [0m] Started Load Kernel Modules.
[[0;32m  OK  [0m] Started udev Coldplug all Devices.
         Mounting Kernel Configuration File System...
         Starting Apply Kernel Variables...
         Mounting FUSE Control File System...
[[0;32m  OK  [0m] Mounted Kernel Configuration File System.
[[0;32m  OK  [0m] Mounted FUSE Control File System.
[[0;32m  OK  [0m] Started Load/Save Random Seed.
[   11.048626] systemd-journald[393]: Received request to flush runtime journal from PID 1
[[0;32m  OK  [0m] Started Create Static Device Nodes in /dev.
[[0;32m  OK  [0m] Started Apply Kernel Variables.
[[0;32m  OK  [0m] Started Set the console keyboard layout.
[[0;32m  OK  [0m] Started LVM2 metadata daemon.
         Starting udev Kernel Device Manager...
[[0;32m  OK  [0m] Started Flush Journal to Persistent Storage.
[[0;32m  OK  [0m] Started udev Kernel Device Manager.
[[0;32m  OK  [0m] Started Dispatch Password Requests to Console Directory Watch.
[[0;32m  OK  [0m] Reached target Local Encrypted Volumes.
[[0;32m  OK  [0m] Started Monitoring of LVM2 mirrors,…sing dmeventd or progress polling.
[[0;32m  OK  [0m] Reached target Local File Systems (Pre).
[[0;32m  OK  [0m] Reached target Local File Systems.
         Starting Create Volatile Files and Directories...
         Starting AppArmor initialization...
         Starting ebtables ruleset management...
         Starting Set console font and keymap...
         Starting Tell Plymouth To Write Out Runtime Data...
[[0;32m  OK  [0m] Started Create Volatile Files and Directories.
         Starting Update UTMP about System Boot/Shutdown...
[[0;32m  OK  [0m] Started Tell Plymouth To Write Out Runtime Data.
[[0;32m  OK  [0m] Started Set console font and keymap.
[[0;32m  OK  [0m] Started Update UTMP about System Boot/Shutdown.
[[0;32m  OK  [0m] Started ebtables ruleset management.
[[0;32m  OK  [0m] Found device /dev/ttyS0.
[[0;32m  OK  [0m] Listening on Load/Save RF Kill Switch Status /dev/rfkill Watch.
[[0;32m  OK  [0m] Started AppArmor initialization.
         Starting Initial cloud-init job (pre-networking)...
[   12.946113] cloud-init[524]: Cloud-init v. 19.1-1-gbaa47854-0ubuntu1~18.04.1 running 'init-local' at Tue, 01 Oct 2019 10:50:21 +0000. Up 12.74 seconds.
[[0;32m  OK  [0m] Started Initial cloud-init job (pre-networking).
[[0;32m  OK  [0m] Reached target Network (Pre).
         Starting Network Service...
[[0;32m  OK  [0m] Started Network Service.
         Starting Wait for Network to be Configured...
         Starting Network Name Resolution...
[[0;32m  OK  [0m] Started Network Name Resolution.
[[0;32m  OK  [0m] Reached target Host and Network Name Lookups.
[[0;32m  OK  [0m] Reached target Network.
[[0;32m  OK  [0m] Started Wait for Network to be Configured.
         Starting Initial cloud-init job (metadata service crawler)...
[   15.713119] cloud-init[709]: Cloud-init v. 19.1-1-gbaa47854-0ubuntu1~18.04.1 running 'init' at Tue, 01 Oct 2019 10:50:24 +0000. Up 15.57 seconds.
[   15.738836] cloud-init[709]: ci-info: ++++++++++++++++++++++++++++++++++++++Net device info+++++++++++++++++++++++++++++++++++++++
[   15.772703] cloud-init[709]: ci-info: +--------+------+-----------------------------+---------------+--------+-------------------+
[   15.778288] cloud-init[709]: ci-info: | Device |  Up  |           Address           |      Mask     | Scope  |     Hw-Address    |
[   15.800177] cloud-init[709]: ci-info: +--------+------+-----------------------------+---------------+--------+-------------------+
[   15.803251] cloud-init[709]: ci-info: | enp0s3 | True |          10.0.2.15          | 255.255.255.0 | global | 02:8d:8f:70:9f:84 |
[   15.815066] cloud-init[709]: ci-info: | enp0s3 | True |  fe80::8d:8fff:fe70:9f84/64 |       .       |  link  | 02:8d:8f:70:9f:84 |
[   15.824235] cloud-init[709]: ci-info: | enp0s8 | True |        192.168.33.10        | 255.255.255.0 | global | 08:00:27:90:bf:36 |
[   15.834484] cloud-init[709]: ci-info: | enp0s8 | True | fe80::a00:27ff:fe90:bf36/64 |       .       |  link  | 08:00:27:90:bf:36 |
[   15.852899] cloud-init[709]: ci-info: |   lo   | True |          127.0.0.1          |   255.0.0.0   |  host  |         .         |
[   15.867286] cloud-init[709]: ci-info: |   lo   | True |           ::1/128           |       .       |  host  |         .         |
[   15.908715] cloud-init[709]: ci-info: +--------+------+-----------------------------+---------------+--------+-------------------+
[   15.936867] cloud-init[709]: ci-info: +++++++++++++++++++++++++++++Route IPv4 info+++++++++++++++++++++++++++++
[   15.949065] cloud-init[709]: ci-info: +-------+--------------+----------+-----------------+-----------+-------+
[   15.962154] cloud-init[709]: ci-info: | Route | Destination  | Gateway  |     Genmask     | Interface | Flags |
[   15.994376] cloud-init[709]: ci-info: +-------+--------------+----------+-----------------+-----------+-------+
[   15.998202] cloud-init[[0;32m  OK  [0m] Started Initial cloud-init job (metadata service crawler).
[[0;32m  OK  [0m] Reached target Network is Online.
[709]: ci-info: |   0   |   0.0.0.0    | 10.0.2.2 |     0.0.0.0     |   enp0s3  |   UG  |
         [   16.018444] cloud-init[709]: ci-info: |   1   |   10.0.2.0   | 0.0.0.0  |  255.255.255.0  |   enp0s3  |   U   |
[   16.018832] cloud-init[709]: ci-info: |   2   |   10.0.2.2   | 0.0.0.0  | 255.255.255.255 |   enp0s3  |   UH  |
[   16.019152] cloud-init[709]: ci-info: |   3   | 192.168.33.0 | 0.0.0.0  |  255.255.255.0  |   enp0s8  |   U   |
[   16.019477] cloud-init[709]: ci-info: +-------+--------------+----------+-----------------+-----------+-------+
[   16.019811] cloud-init[709]: ci-info: +++++++++++++++++++Route IPv6 info+++++++++++++++++++
[   16.020800] cloud-init[709]: ci-info: +-------+-------------+---------+-----------+-------+
[   16.021139] cloud-init[709]: ci-info: | Route | Destination | Gateway | Interface | Flags |
[   16.021455] cloud-init[709]: ci-info: +-------+-------------+---------+-----------+-------+
[   16.021779] cloud-init[709]: ci-info: |   1   |  fe80::/64  |    ::   |   enp0s8  |   U   |
[   16.022102] cloud-init[709]: ci-info: |   2   |  fe80::/64  |    ::   |   enp0s3  |   U   |
[   16.022423] cloud-init[709]: ci-info: |   4   |    local    |    ::   |   enp0s3  |   U   |
[   16.022765] cloud-init[709]: ci-info: |   5   |    local    |    ::   |   enp0s8  |   U   |
[   16.023081] cloud-init[709]: ci-info: |   6   |   ff00::/8  |    ::   |   enp0s8  |   U   |
[   16.023410] cloud-init[709]: ci-info: |   7   |   ff00::/8  |    ::   |   enp0s3  |   U   |
[   16.023741] cloud-init[709]: ci-info: +-------+-------------+---------+-----------+-------+
Starting Availability of block devices...
[[0;32m  OK  [0m] Reached target Remote File Systems (Pre).
[[0;32m  OK  [0m] Reached target Remote File Systems.
[[0;32m  OK  [0m] Reached target Cloud-config availability.
[[0;32m  OK  [0m] Reached target System Initialization.
[[0;32m  OK  [0m] Listening on ACPID Listen Socket.
[[0;32m  OK  [0m] Started Daily apt download activities.
[[0;32m  OK  [0m] Started Daily apt upgrade and clean activities.
[[0;32m  OK  [0m] Started Discard unused blocks once a week.
[[0;32m  OK  [0m] Listening on Open-iSCSI iscsid Socket.
         Starting LXD - unix socket.
[[0;32m  OK  [0m] Started ACPI Events Check.
[[0;32m  OK  [0m] Reached target Paths.
[[0;32m  OK  [0m] Started Message of the Day.
[[0;32m  OK  [0m] Listening on UUID daemon activation socket.
[[0;32m  OK  [0m] Listening on D-Bus System Message Bus Socket.
[[0;32m  OK  [0m] Started Daily Cleanup of Temporary Directories.
         Starting Socket activation for snappy daemon.
[[0;32m  OK  [0m] Reached target Timers.
[[0;32m  OK  [0m] Started Availability of block devices.
[[0;32m  OK  [0m] Listening on LXD - unix socket.
[[0;32m  OK  [0m] Listening on Socket activation for snappy daemon.
[[0;32m  OK  [0m] Reached target Sockets.
[[0;32m  OK  [0m] Reached target Basic System.
[[0;32m  OK  [0m] Started D-Bus System Message Bus.
[[0;32m  OK  [0m] Started Deferred execution scheduler.
         Starting Dispatcher daemon for systemd-networkd...
[[0;32m  OK  [0m] Started irqbalance daemon.
[[0;32m  OK  [0m] Started FUSE filesystem for LXC.
         Starting System Logging Service...
         Starting LSB: Record successful boot for GRUB...
[[0;32m  OK  [0m] Started Regular background program processing daemon.
         Starting vboxadd.service...
         Starting LSB: automatic crash report generation...
         Starting OpenBSD Secure Shell server...
         Starting Login Service...
         Starting Accounts Service...
         Starting Permit User Sessions...
         Starting Snappy daemon...
         Starting LXD - container startup/shutdown...
[[0;32m  OK  [0m] Started System Logging Service.
[[0;32m  OK  [0m] Started Permit User Sessions.
[[0;32m  OK  [0m] Started OpenBSD Secure Shell server.
         Starting Hold until boot process finishes up...
         Starting Terminate Plymouth Boot Screen...
[[0;32m  OK  [0m] Started Hold until boot process finishes up.
[[0;32m  OK  [0m] Started Terminate Plymouth Boot Screen.
[[0;32m  OK  [0m] Started Login Service.
[[0;32m  OK  [0m] Started Unattended Upgrades Shutdown.
         Starting Set console scheme...
[[0;32m  OK  [0m] Started Serial Getty on ttyS0.
[[0;32m  OK  [0m] Started Set console scheme.
[[0;32m  OK  [0m] Created slice system-getty.slice.
[[0;32m  OK  [0m] Started Getty on tty1.
[[0;32m  OK  [0m] Reached target Login Prompts.
         Starting Authorization Manager...
[[0;32m  OK  [0m] Started LSB: automatic crash report generation.
[[0;32m  OK  [0m] Started LSB: Record successful boot for GRUB.
[[0;32m  OK  [0m] Started Dispatcher daemon for systemd-networkd.
[[0;32m  OK  [0m] Created slice User Slice of vagrant.
[[0;32m  OK  [0m] Started Authorization Manager.
[[0;32m  OK  [0m] Started Accounts Service.
         Starting User Manager for UID 1000...
[[0;32m  OK  [0m] Started Session 1 of user vagrant.
[[0;32m  OK  [0m] Started vboxadd.service.
         Starting vboxadd-service.service...
[[0;32m  OK  [0m] Started User Manager for UID 1000.
[[0;32m  OK  [0m] Started vboxadd-service.service.
[[0;32m  OK  [0m] Started Snappy daemon.
         Starting Wait until snapd is fully seeded...
[[0;32m  OK  [0m] Started LXD - container startup/shutdown.
[[0;32m  OK  [0m] Started Wait until snapd is fully seeded.
         Starting Apply the settings specified in cloud-config...
[[0;32m  OK  [0m] Reached target Multi-User System.
[[0;32m  OK  [0m] Reached target Graphical Interface.
         Starting Update UTMP about System Runlevel Changes...
[[0;32m  OK  [0m] Started Update UTMP about System Runlevel Changes.
[   19.346173] cloud-init[1221]: Cloud-init v. 19.1-1-gbaa47854-0ubuntu1~18.04.1 running 'modules:config' at Tue, 01 Oct 2019 10:50:28 +0000. Up 19.22 seconds.
[[0;32m  OK  [0m] Started Apply the settings specified in cloud-config.
         Starting Execute cloud user/final scripts...
[   19.912697] cloud-init[1259]: Cloud-init v. 19.1-1-gbaa47854-0ubuntu1~18.04.1 running 'modules:final' at Tue, 01 Oct 2019 10:50:28 +0000. Up 19.71 seconds.
[   19.918921] cloud-init[1259]: Cloud-init v. 19.1-1-gbaa47854-0ubuntu1~18.04.1 finished at Tue, 01 Oct 2019 10:50:29 +0000. Datasource DataSourceNoCloud [seed=/dev/sdb][dsmode=net].  Up 19.90 seconds
[[0;32m  OK  [0m] Started Execute cloud user/final scripts.
[[0;32m  OK  [0m] Reached target Cloud-init target.

Ubuntu 18.04.2 LTS ubuntu-bionic ttyS0

ubuntu-bionic login: [40821.961834] general protection fault: 0000 [#1] SMP PTI
[40821.995990] Modules linked in: vboxsf(OE) isofs vboxvideo(OE) drm_kms_helper ttm input_leds serio_raw video vboxguest(OE) drm fb_sys_fops syscopyarea sysfillrect sysimgblt sch_fq_codel ib_iser rdma_cm iw_cm ib_cm ib_core iscsi_tcp libiscsi_tcp libiscsi scsi_transport_iscsi ip_tables x_tables autofs4 btrfs zstd_compress raid10 raid456 async_raid6_recov async_memcpy async_pq async_xor async_tx xor raid6_pq libcrc32c raid1 raid0 multipath linear crct10dif_pclmul crc32_pclmul ghash_clmulni_intel pcbc aesni_intel mptspi scsi_transport_spi aes_x86_64 crypto_simd glue_helper cryptd psmouse mptscsih mptbase e1000
[40822.099884] CPU: 1 PID: 4049 Comm: puma 003 Tainted: G           OE    4.15.0-64-generic #73-Ubuntu
[40822.118554] Hardware name: innotek GmbH VirtualBox/VirtualBox, BIOS VirtualBox 12/01/2006
[40822.131661] RIP: 0010:__kmalloc+0xc9/0x220
[40822.139827] RSP: 0018:ffffa47401f93580 EFLAGS: 00010202
[40822.149169] RAX: 0000000000000000 RBX: 7f678c1ceebae26e RCX: 00000000001b46b3
[40822.154807] RDX: 00000000001b46b2 RSI: 0000000000000000 RDI: 00000000000270e0
[40822.190553] RBP: ffffa47401f935b0 R08: ffff93ad7bd5ad80 R09: ffff93ad7e003500
[40822.218100] R10: 0000000000000058 R11: 80981fb1956f4fee R12: ffff93ad7bd5ad80
[40822.240938] R13: 00000000014002c0 R14: 0000000000000068 R15: ffff93ad7e003500
[40822.243145] FS:  00007ff477af5700(0000) GS:ffff93ad7fd00000(0000) knlGS:0000000000000000
[40822.286273] CS:  0010 DS: 0000 ES: 0000 CR0: 0000000080050033
[40822.301228] CR2: 00007ff44c0ad158 CR3: 000000003b9c4001 CR4: 00000000000606e0
[40822.374216] DR0: 0000000000000000 DR1: 0000000000000000 DR2: 0000000000000000
[40822.400727] DR3: 0000000000000000 DR6: 00000000fffe0ff0 DR7: 0000000000000400
[40822.416878] Call Trace:
[40822.440683]  ? rtR0MemAllocEx+0x189/0x220 [vboxguest]
[40822.457899]  rtR0MemAllocEx+0x189/0x220 [vboxguest]
[40822.459099]  VBoxGuest_RTMemAllocZTag+0x2a/0x60 [vboxguest]
[40822.460444]  rtR0MemObjNew+0x37/0x70 [vboxguest]
[40822.461565]  rtR0MemObjNativeLockKernel+0x82/0x480 [vboxguest]
[40822.508353]  VBoxGuest_RTR0MemObjLockKernelTag+0xa4/0xc0 [vboxguest]
[40822.539731]  VbglR0HGCMInternalCall+0x4c8/0xf10 [vboxguest]
[40822.550861]  ? vgdrvHgcmAsyncWaitCallbackWorker+0x210/0x210 [vboxguest]
[40822.553901]  ? __update_load_avg_se.isra.37+0x1c0/0x1d0
[40822.567571]  ? __update_load_avg_se.isra.37+0x1c0/0x1d0
[40822.579671]  ? __switch_to_asm+0x41/0x70
[40822.581295]  ? __switch_to_asm+0x35/0x70
[40822.591500]  ? __switch_to_asm+0x41/0x70
[40822.618029]  ? __switch_to_asm+0x35/0x70
[40822.657603]  ? __switch_to_asm+0x41/0x70
[40822.700492]  ? __switch_to_asm+0x35/0x70
[40822.708607]  ? __switch_to_asm+0x41/0x70
[40822.731900]  ? __switch_to_asm+0x35/0x70
[40822.752073]  ? __switch_to_asm+0x41/0x70
[40822.772157]  ? __switch_to_asm+0x35/0x70
[40822.773941]  ? __switch_to_asm+0x41/0x70
[40822.800694]  ? __switch_to_asm+0x35/0x70
[40822.808673]  ? __switch_to_asm+0x41/0x70
[40822.824383]  ? __switch_to_asm+0x35/0x70
[40822.840221]  ? __switch_to_asm+0x41/0x70
[40822.848493]  ? __switch_to_asm+0x35/0x70
[40822.874379]  ? __switch_to_asm+0x41/0x70
[40822.906803]  ? __switch_to_asm+0x35/0x70
[40822.908370]  ? __switch_to_asm+0x41/0x70
[40822.923573]  ? __switch_to_asm+0x35/0x70
[40822.948200]  vgdrvIoCtl_HGCMCallWrapper+0x1d3/0x2e0 [vboxguest]
[40822.972370]  VGDrvCommonIoCtl+0x375/0x1950 [vboxguest]
[40822.991399]  ? __schedule+0x256/0x880
[40823.003581]  VBoxGuestIDC+0x149/0x160 [vboxguest]
[40823.031939]  VbglR0IdcCallRaw+0x13/0x20 [vboxsf]
[40823.051636]  VbglR0HGCMCallRaw+0x44/0xa0 [vboxsf]
[40823.111762]  VbglR0HGCMCall+0x12/0x20 [vboxsf]
[40823.137231]  VbglR0SfCreate+0xaf/0xd0 [vboxsf]
[40823.143431]  sf_stat+0x66/0x110 [vboxsf]
[40823.144378]  sf_inode_revalidate+0x8c/0xe0 [vboxsf]
[40823.163363]  sf_dentry_revalidate+0x13/0x30 [vboxsf]
[40823.172753]  d_revalidate.part.18+0x10/0x20
[40823.180820]  lookup_fast+0x307/0x320
[40823.198792]  walk_component+0x49/0x470
[40823.201082]  link_path_walk+0x1bc/0x5a0
[40823.206614]  ? path_init+0x180/0x310
[40823.225847]  path_lookupat+0x56/0x1f0
[40823.227278]  ? VBoxGuestIDC+0x149/0x160 [vboxguest]
[40823.261339]  filename_lookup+0xb6/0x190
[40823.288262]  ? __check_object_size+0xc3/0x1a0
[40823.306009]  ? strncpy_from_user+0x4d/0x150
[40823.307519]  user_path_at_empty+0x36/0x40
[40823.348641]  ? user_path_at_empty+0x36/0x40
[40823.372686]  vfs_statx+0x76/0xe0
[40823.377206]  ? _cond_resched+0x19/0x40
[40823.388286]  ? dput.part.26+0x36/0x200
[40823.401718]  SYSC_newstat+0x3d/0x70
[40823.410107]  ? SyS_rename+0xf3/0x3c0
[40823.411176]  SyS_newstat+0xe/0x10
[40823.437751]  do_syscall_64+0x73/0x130
[40823.468819]  entry_SYSCALL_64_after_hwframe+0x3d/0xa2
[40823.471806] RIP: 0033:0x7ff493a15775
[40823.522757] RSP: 002b:00007ff477aeba38 EFLAGS: 00000246 ORIG_RAX: 0000000000000004
[40823.541306] RAX: ffffffffffffffda RBX: 0000000000000001 RCX: 00007ff493a15775
[40823.587361] RDX: 00007ff477aebaf0 RSI: 00007ff477aebaf0 RDI: 00007ff4621a9ef0
[40823.616914] RBP: 00005615c36546b8 R08: 0000000000000000 R09: 00007ff494198eb0
[40823.635846] R10: 0000000000000000 R11: 0000000000000246 R12: 00005615c36430c0
[40823.658514] R13: 00007ff477af5680 R14: 00007ff493d875c0 R15: 00007ff477aebac0
[40823.663005] Code: 4d 01 e0 4d 8b 18 4d 33 99 40 01 00 00 4c 89 c3 4c 31 db 65 48 0f c7 0f 0f 94 c0 84 c0 74 ac 4d 39 d8 74 14 49 63 41 20 48 01 c3 <48> 33 1b 49 33 99 40 01 00 00 0f 18 0b 41 f7 c5 00 80 00 00 0f 
[40823.679019] RIP: __kmalloc+0xc9/0x220 RSP: ffffa47401f93580
[40823.680926] ---[ end trace acb6ef761e29161d ]---
[40828.932378] general protection fault: 0000 [#2] SMP PTI
[40828.958629] Modules linked in: vboxsf(OE) isofs vboxvideo(OE) drm_kms_helper ttm input_leds serio_raw video vboxguest(OE) drm fb_sys_fops syscopyarea sysfillrect sysimgblt sch_fq_codel ib_iser rdma_cm iw_cm ib_cm ib_core iscsi_tcp libiscsi_tcp libiscsi scsi_transport_iscsi ip_tables x_tables autofs4 btrfs zstd_compress raid10 raid456 async_raid6_recov async_memcpy async_pq async_xor async_tx xor raid6_pq libcrc32c raid1 raid0 multipath linear crct10dif_pclmul crc32_pclmul ghash_clmulni_intel pcbc aesni_intel mptspi scsi_transport_spi aes_x86_64 crypto_simd glue_helper cryptd psmouse mptscsih mptbase e1000
[40829.135324] CPU: 1 PID: 4013 Comm: kworker/u4:0 Tainted: G      D    OE    4.15.0-64-generic #73-Ubuntu
[40829.175069] Hardware name: innotek GmbH VirtualBox/VirtualBox, BIOS VirtualBox 12/01/2006
[40829.185596] Workqueue: writeback wb_workfn (flush-8:0)
[40829.186836] RIP: 0010:kmem_cache_alloc_node+0xc4/0x1c0
[40829.202664] RSP: 0018:ffffa47401d6b578 EFLAGS: 00010202
[40829.241407] RAX: 7f678c1ceebae26e RBX: 7f678c1ceebae26e RCX: 00000000001b46b4
[40829.281797] RDX: 00000000001b46b3 RSI: 0000000000011200 RDI: 00000000000270e0
[40829.284604] RBP: ffffa47401d6b5b0 R08: ffff93ad7fd270e0 R09: ffff93ad7e002f00
[40829.332119] R10: ffffa47401d6b810 R11: 0000000000001800 R12: 0000000000011200
[40829.364583] R13: 7f678c1ceebae26e R14: ffff93ad7e003500 R15: ffff93ad7e003500
[40829.366715] FS:  0000000000000000(0000) GS:ffff93ad7fd00000(0000) knlGS:0000000000000000
[40829.403575] CS:  0010 DS: 0000 ES: 0000 CR0: 0000000080050033
[40829.413241] CR2: 00007ff44c0ad158 CR3: 000000002840a006 CR4: 00000000000606e0
[40829.442740] DR0: 0000000000000000 DR1: 0000000000000000 DR2: 0000000000000000
[40829.498687] DR3: 0000000000000000 DR6: 00000000fffe0ff0 DR7: 0000000000000400
[40829.540470] Call Trace:
[40829.578904]  ? scsi_old_init_rq+0x84/0x100
[40829.602658]  ? wait_woken+0x80/0x80
[40829.619479]  scsi_old_init_rq+0x84/0x100
[40829.629506]  alloc_request_size+0x52/0x70
[40829.630896]  mempool_alloc+0x71/0x190
[40829.632199]  get_request+0x3fa/0x800
[40829.657419]  ? wait_woken+0x80/0x80
[40829.660401]  blk_queue_bio+0x128/0x450
[40829.673320]  generic_make_request+0x124/0x300
[40829.681178]  submit_bio+0x73/0x140
[40829.682659]  ? submit_bio+0x73/0x140
[40829.691451]  ext4_io_submit+0x4c/0x60
[40829.711677]  ext4_bio_write_page+0x262/0x530
[40829.724325]  mpage_submit_page+0x59/0x80
[40829.741082]  mpage_process_page_bufs+0xf6/0x100
[40829.743119]  mpage_prepare_extent_to_map+0x214/0x2f0
[40829.764728]  ? update_curr+0xc0/0x1d0
[40829.789187]  ext4_writepages+0x463/0xf50
[40829.790670]  ? check_preempt_curr+0x2d/0x90
[40829.824787]  ? update_load_avg+0x57f/0x6e0
[40829.841508]  do_writepages+0x4b/0xe0
[40829.856535]  ? ext4_mark_inode_dirty+0x1d0/0x1d0
[40829.858167]  ? do_writepages+0x4b/0xe0
[40829.859363]  ? fprop_fraction_percpu+0x2f/0x80
[40829.860709]  ? __wb_calc_thresh+0x3e/0x130
[40829.873473]  __writeback_single_inode+0x45/0x350
[40829.895828]  ? __writeback_single_inode+0x45/0x350
[40829.913397]  writeback_sb_inodes+0x1e1/0x510
[40829.914700]  __writeback_inodes_wb+0x67/0xb0
[40829.915993]  wb_writeback+0x271/0x300
[40829.917135]  wb_workfn+0x1bb/0x400
[40829.921547]  ? wb_workfn+0x1bb/0x400
[40829.953590]  process_one_work+0x1de/0x420
[40829.954828]  worker_thread+0x32/0x410
[40829.972815]  kthread+0x121/0x140
[40829.974032]  ? process_one_work+0x420/0x420
[40830.015953]  ? kthread_create_worker_on_cpu+0x70/0x70
[40830.018266]  ret_from_fork+0x35/0x40
[40830.019504] Code: 49 89 c5 74 54 48 85 c0 74 4f 49 63 57 1c 31 f6 4c 89 ef e8 0f a5 75 00 eb 3f 49 63 5f 20 49 8b 3f 48 8d 4a 01 4c 89 e8 4c 01 eb <48> 33 1b 49 33 9f 40 01 00 00 65 48 0f c7 0f 0f 94 c0 84 c0 0f 
[40830.125883] RIP: kmem_cache_alloc_node+0xc4/0x1c0 RSP: ffffa47401d6b578
[40830.171033] ---[ end trace acb6ef761e29161e ]---
[40841.834010] general protection fault: 0000 [#3] SMP PTI
[40841.873639] Modules linked in: vboxsf(OE) isofs vboxvideo(OE) drm_kms_helper ttm input_leds serio_raw video vboxguest(OE) drm fb_sys_fops syscopyarea sysfillrect sysimgblt sch_fq_codel ib_iser rdma_cm iw_cm ib_cm ib_core iscsi_tcp libiscsi_tcp libiscsi scsi_transport_iscsi ip_tables x_tables autofs4 btrfs zstd_compress raid10 raid456 async_raid6_recov async_memcpy async_pq async_xor async_tx xor raid6_pq libcrc32c raid1 raid0 multipath linear crct10dif_pclmul crc32_pclmul ghash_clmulni_intel pcbc aesni_intel mptspi scsi_transport_spi aes_x86_64 crypto_simd glue_helper cryptd psmouse mptscsih mptbase e1000
[40842.076117] CPU: 1 PID: 1 Comm: systemd Tainted: G      D    OE    4.15.0-64-generic #73-Ubuntu
[40842.088346] Hardware name: innotek GmbH VirtualBox/VirtualBox, BIOS VirtualBox 12/01/2006
[40842.112359] RIP: 0010:kmem_cache_alloc_trace+0x85/0x1b0
[40842.125000] RSP: 0018:ffffa47400197b88 EFLAGS: 00010202
[40842.140993] RAX: 7f678c1ceebae26e RBX: 7f678c1ceebae26e RCX: 00000000001b46b4
[40842.150708] RDX: 00000000001b46b3 RSI: 00000000014080c0 RDI: 00000000000270e0
[40842.180638] RBP: ffffa47400197bc0 R08: ffff93ad7fd270e0 R09: 0000000000000000
[40842.211803] R10: 0000000000000000 R11: 0000000000000006 R12: 00000000014080c0
[40842.241176] R13: ffff93ad7e003500 R14: 7f678c1ceebae26e R15: ffff93ad7e003500
[40842.269018] FS:  00007f17ad3a6e00(0000) GS:ffff93ad7fd00000(0000) knlGS:0000000000000000
[40842.324123] CS:  0010 DS: 0000 ES: 0000 CR0: 0000000080050033
[40842.340167] CR2: 00007ff44c0ad158 CR3: 0000000036870005 CR4: 00000000000606e0
[40842.364750] DR0: 0000000000000000 DR1: 0000000000000000 DR2: 0000000000000000
[40842.366848] DR3: 0000000000000000 DR6: 00000000fffe0ff0 DR7: 0000000000000400
[40842.391792] Call Trace:
[40842.409003]  ? seq_open+0x34/0xa0
[40842.439398]  seq_open+0x34/0xa0
[40842.440756]  ? sched_show+0x70/0x70
[40842.453645]  single_open+0x61/0xa0
[40842.456497]  proc_single_open+0x1b/0x20
[40842.474289]  do_dentry_open+0x21d/0x370
[40842.490257]  ? __inode_permission+0x5b/0x160
[40842.492799]  ? sched_open+0x20/0x20
[40842.494025]  vfs_open+0x4f/0x80
[40842.495160]  path_openat+0x6c8/0x1960
[40842.507303]  ? sock_recvmsg+0x43/0x50
[40842.539663]  do_filp_open+0x9b/0x110
[40842.590962]  ? ep_scan_ready_list.constprop.17+0x204/0x210
[40842.600601]  ? proc_single_show+0x56/0x80
[40842.624462]  ? __check_object_size+0xc3/0x1a0
[40842.661305]  ? __alloc_fd+0xb2/0x170
[40842.670172]  do_sys_open+0x1bb/0x2c0
[40842.692045]  ? do_sys_open+0x1bb/0x2c0
[40842.700781]  SyS_openat+0x14/0x20
[40842.708890]  do_syscall_64+0x73/0x130
[40842.709844]  entry_SYSCALL_64_after_hwframe+0x3d/0xa2
[40842.711023] RIP: 0033:0x7f17aceb7c8e
[40842.712076] RSP: 002b:00007fff64203a30 EFLAGS: 00000246 ORIG_RAX: 0000000000000101
[40842.731827] RAX: ffffffffffffffda RBX: 000055d7dce75a40 RCX: 00007f17aceb7c8e
[40842.741002] RDX: 0000000000080000 RSI: 00007fff64203b30 RDI: 00000000ffffff9c
[40842.768100] RBP: 00007f17acab5358 R08: 0000000000000000 R09: 00007f17acab535a
[40842.806601] R10: 0000000000000000 R11: 0000000000000246 R12: 0000000000000008
[40842.853561] R13: 00007f17acab5358 R14: 0000000000000358 R15: 00007fff64204410
[40842.889494] Code: f0 7b 59 49 83 78 10 00 4d 8b 30 0f 84 f2 00 00 00 4d 85 f6 0f 84 e9 00 00 00 49 63 5f 20 49 8b 3f 48 8d 4a 01 4c 89 f0 4c 01 f3 <48> 33 1b 49 33 9f 40 01 00 00 65 48 0f c7 0f 0f 94 c0 84 c0 74 
[40842.943831] RIP: kmem_cache_alloc_trace+0x85/0x1b0 RSP: ffffa47400197b88
[40842.974906] ---[ end trace acb6ef761e29161f ]---
[40843.003999] systemd: 26 output lines suppressed due to ratelimiting
[40843.076599] Kernel panic - not syncing: Attempted to kill init! exitcode=0x0000000b
[40843.076599] 
[40843.141000] Kernel Offset: 0x25600000 from 0xffffffff81000000 (relocation range: 0xffffffff80000000-0xffffffffbfffffff)
[40843.162711] ---[ end Kernel panic - not syncing: Attempted to kill init! exitcode=0x0000000b
[40843.162711] 
